<!DOCTYPE html PUBLIC "-//W3C//DTD XHTML 1.1//EN" "http://www.w3.org/TR/xhtml11/DTD/xhtml11.dtd">
<html xmlns="http://www.w3.org/1999/xhtml"><head><title>TestNG Report</title><style type="text/css">table {margin-bottom:10px;border-collapse:collapse;empty-cells:show}th,td {border:1px solid #009;padding:.25em .5em}th {vertical-align:bottom}td {vertical-align:top}table a {font-weight:bold}.stripe td {background-color: #E6EBF9}.num {text-align:right}.passedodd td {background-color: #3F3}.passedeven td {background-color: #0A0}.skippedodd td {background-color: #DDD}.skippedeven td {background-color: #CCC}.failedodd td,.attn {background-color: #F33}.failedeven td,.stripe .attn {background-color: #D00}.stacktrace {white-space:pre;font-family:monospace}.totop {font-size:85%;text-align:center;border-bottom:2px solid #000}</style></head><body><table><tr><th>Test</th><th># Passed</th><th># Skipped</th><th># Failed</th><th>Time (ms)</th><th>Included Groups</th><th>Excluded Groups</th></tr><tr><th colspan="7">For testing</th></tr><tr><td><a href="#t0">preserve-order Other tests</a></td><td class="num">0</td><td class="num">0</td><td class="num attn">1</td><td class="num">31 757</td><td>MainPage_My_Test</td><td></td></tr></table><table><thead><tr><th>Class</th><th>Method</th><th>Start</th><th>Time (ms)</th></tr></thead><tbody><tr><th colspan="4">For testing</th></tr></tbody><tbody id="t0"><tr><th colspan="4">preserve-order Other tests &#8212; failed</th></tr><tr class="failedeven"><td rowspan="1">com.dsbase.tests.my.MainPage_My_Test</td><td><a href="#m0">TestMainPage_TestMethod</a></td><td rowspan="1">1472739593065</td><td rowspan="1">8826</td></tr></tbody></table><h2>preserve-order Other tests</h2><h3 id="m0">com.dsbase.tests.my.MainPage_My_Test#TestMainPage_TestMethod</h3><table class="result"><tr><th>Messages</th></tr><tr><td><div class="messages">Test &apos;MainPage_My_Test&apos; &lt;font color=&quot;red&quot;&gt;FAILED&lt;/font&gt;.<br/>&lt;br&gt;&lt;span&gt;Video - &lt;/&gt;&lt;a href=&quot;videos\MainPage_My_Test  17_20_02 01.09.2016.avi&quot;&gt;Recorded Video&lt;/a&gt;<br/>&lt;br&gt;&lt;span&gt;Screen Shot - &lt;/&gt;&lt;a href=&quot;screenshots\MainPage_My_Test  17_20_02 01.09.2016.png&quot;&gt;Captured ScreenShot&lt;/a&gt;</div></td></tr><tr><th>Exception</th></tr><tr><td><div class="stacktrace">org.openqa.selenium.NoSuchElementException: no such element: Unable to locate element: {&quot;method&quot;:&quot;xpath&quot;,&quot;selector&quot;:&quot;//*[@class=&apos;log&apos;]/span&quot;}
  (Session info: chrome=52.0.2743.116)
  (Driver info: chromedriver=2.23.409699 (49b0fa931cda1caad0ae15b7d1b68004acd05129),platform=Windows NT 6.1.7601 SP1 x86_64) (WARNING: The server did not provide any stacktrace information)
Command duration or timeout: 65 milliseconds
For documentation on this error, please visit: http://seleniumhq.org/exceptions/no_such_element.html
Build info: version: &apos;2.50.1&apos;, revision: &apos;d7fc91b29de65b790abb01f3ac5f7ea2191c88a7&apos;, time: &apos;2016-01-29 11:11:26&apos;
System info: host: &apos;rudyi&apos;, ip: &apos;192.168.128.66&apos;, os.name: &apos;Windows 7&apos;, os.arch: &apos;amd64&apos;, os.version: &apos;6.1&apos;, java.version: &apos;1.8.0_101&apos;
Driver info: org.openqa.selenium.chrome.ChromeDriver
Capabilities [{applicationCacheEnabled=false, rotatable=false, mobileEmulationEnabled=false, networkConnectionEnabled=false, chrome={chromedriverVersion=2.23.409699 (49b0fa931cda1caad0ae15b7d1b68004acd05129), userDataDir=C:\Users\rudyi\AppData\Local\Temp\scoped_dir6384_10231}, takesHeapSnapshot=true, databaseEnabled=false, handlesAlerts=true, hasTouchScreen=false, version=52.0.2743.116, platform=XP, browserConnectionEnabled=false, nativeEvents=true, acceptSslCerts=true, locationContextEnabled=true, webStorageEnabled=true, browserName=chrome, takesScreenshot=true, javascriptEnabled=true, cssSelectorsEnabled=true}]
Session ID: 6337a9ece4898bbb08738c34baa774d7
*** Element info: {Using=xpath, value=//*[@class=&apos;log&apos;]/span}
	at org.openqa.selenium.remote.ErrorHandler.createThrowable(ErrorHandler.java:206)
	at org.openqa.selenium.remote.ErrorHandler.throwIfResponseFailed(ErrorHandler.java:158)
	at org.openqa.selenium.remote.RemoteWebDriver.execute(RemoteWebDriver.java:678)
	at org.openqa.selenium.remote.RemoteWebDriver.findElement(RemoteWebDriver.java:363)
	at org.openqa.selenium.remote.RemoteWebDriver.findElementByXPath(RemoteWebDriver.java:500)
	at org.openqa.selenium.By$ByXPath.findElement(By.java:361)
	at org.openqa.selenium.remote.RemoteWebDriver.findElement(RemoteWebDriver.java:355)
	at com.dsbase.core.web.WebComponent.getWebElement(WebComponent.java:59)
	at com.dsbase.core.web.WebComponent.getText(WebComponent.java:44)
	at com.dsbase.core.web.pages.my.DrugRegistryMy.userNameCheck(DrugRegistryMy.java:42)
	at com.dsbase.tests.my.MainPage_My_Test.TestMainPage_TestMethod(MainPage_My_Test.java:26)
... Removed 31 stack frames</div></td></tr></table><p class="totop"><a href="#summary">back to summary</a></p></body></html>